<?xml version="1.0" encoding="UTF-8"?>
<testsuite name="TestSuite" time="1.418" tests="18" errors="0" skipped="0" failures="0">
  <properties>
    <property name="java.runtime.name" value="Java(TM) SE Runtime Environment"/>
    <property name="java.vm.version" value="11.0.7+8-LTS"/>
    <property name="sun.boot.library.path" value="C:\Program Files\Java\jdk-11.0.7\bin"/>
    <property name="maven.multiModuleProjectDirectory" value="C:\Users\19163\seleniumArchitecture\com.myapiproject"/>
    <property name="java.vm.vendor" value="Oracle Corporation"/>
    <property name="java.vendor.url" value="https://openjdk.java.net/"/>
    <property name="guice.disable.misplaced.annotation.check" value="true"/>
    <property name="path.separator" value=";"/>
    <property name="java.vm.name" value="Java HotSpot(TM) 64-Bit Server VM"/>
    <property name="sun.os.patch.level" value=""/>
    <property name="user.script" value=""/>
    <property name="user.country" value="US"/>
    <property name="sun.java.launcher" value="SUN_STANDARD"/>
    <property name="java.vm.specification.name" value="Java Virtual Machine Specification"/>
    <property name="user.dir" value="C:\Users\19163\seleniumArchitecture\com.myapiproject"/>
    <property name="java.vm.compressedOopsMode" value="32-bit"/>
    <property name="java.runtime.version" value="11.0.7+8-LTS"/>
    <property name="java.awt.graphicsenv" value="sun.awt.Win32GraphicsEnvironment"/>
    <property name="os.arch" value="amd64"/>
    <property name="java.io.tmpdir" value="C:\Users\19163\AppData\Local\Temp\"/>
    <property name="line.separator" value="&#10;"/>
    <property name="java.vm.specification.vendor" value="Oracle Corporation"/>
    <property name="user.variant" value=""/>
    <property name="os.name" value="Windows 10"/>
    <property name="classworlds.conf" value="C:\Users\19163\seleniumArchitecture\.metadata\.plugins\org.eclipse.m2e.launching\launches\m2conf11977363688432282315.tmp"/>
    <property name="sun.jnu.encoding" value="Cp1252"/>
    <property name="java.library.path" value="C:\Program Files\Java\jdk-11.0.7\bin;C:\WINDOWS\Sun\Java\bin;C:\WINDOWS\system32;C:\WINDOWS;C:/Program Files/Java/jdk-11.0.7/bin/server;C:/Program Files/Java/jdk-11.0.7/bin;C:\WINDOWS\system32;C:\WINDOWS;C:\WINDOWS\System32\Wbem;C:\WINDOWS\System32\WindowsPowerShell\v1.0\;C:\WINDOWS\System32\OpenSSH\;C:\Program Files\Intel\WiFi\bin\;C:\Program Files\Common Files\Intel\WirelessCommon\;C:\Program Files\apache-maven-3.6.3\bin;C:\Program Files\Java\jdk-11.0.7\bin;C:\Program Files\Git\cmd;C:\Program Files\Docker\Docker\resources\bin;C:\ProgramData\DockerDesktop\version-bin;C:\Program Files\Java\jdk-11.0.7\bin;C:\Program Files\Sublime Text 3;;C:\Program Files\eclipse-jee-2020-03-R-incubation-win32-x86_64\eclipse;;."/>
    <property name="jdk.debug" value="release"/>
    <property name="java.class.version" value="55.0"/>
    <property name="java.specification.name" value="Java Platform API Specification"/>
    <property name="sun.management.compiler" value="HotSpot 64-Bit Tiered Compilers"/>
    <property name="os.version" value="10.0"/>
    <property name="user.home" value="C:\Users\19163"/>
    <property name="user.timezone" value="America/Los_Angeles"/>
    <property name="java.awt.printerjob" value="sun.awt.windows.WPrinterJob"/>
    <property name="file.encoding" value="Cp1252"/>
    <property name="java.specification.version" value="11"/>
    <property name="user.name" value="19163"/>
    <property name="java.class.path" value="C:\Program Files\eclipse-jee-2020-03-R-incubation-win32-x86_64\eclipse\plugins\org.eclipse.m2e.maven.runtime_1.15.0.20200310-1832\jars\plexus-classworlds-2.6.0.jar"/>
    <property name="java.vm.specification.version" value="11"/>
    <property name="sun.arch.data.model" value="64"/>
    <property name="sun.java.command" value="org.codehaus.plexus.classworlds.launcher.Launcher -B test"/>
    <property name="java.home" value="C:\Program Files\Java\jdk-11.0.7"/>
    <property name="user.language" value="en"/>
    <property name="java.specification.vendor" value="Oracle Corporation"/>
    <property name="awt.toolkit" value="sun.awt.windows.WToolkit"/>
    <property name="java.vm.info" value="mixed mode"/>
    <property name="java.version" value="11.0.7"/>
    <property name="java.vendor" value="Oracle Corporation"/>
    <property name="maven.home" value="C:\Users\19163\seleniumArchitecture\com.myapiproject\EMBEDDED"/>
    <property name="file.separator" value="\"/>
    <property name="java.version.date" value="2020-04-14"/>
    <property name="java.vendor.url.bug" value="https://bugreport.java.com/bugreport/"/>
    <property name="sun.io.unicode.encoding" value="UnicodeLittle"/>
    <property name="sun.cpu.endian" value="little"/>
    <property name="java.vendor.version" value="18.9"/>
    <property name="sun.desktop" value="windows"/>
    <property name="sun.cpu.isalist" value="amd64"/>
  </properties>
  <testcase name="checkGetResposeForDeletedId" classname="com.myapiproject.testcases.DeleteParticularBookingTest" time="0.581"/>
  <testcase name="checkIdListForDeletedId" classname="com.myapiproject.testcases.DeleteParticularBookingTest" time="0.498"/>
  <testcase name="checkStatusCode" classname="com.myapiproject.testcases.DeleteParticularBookingTest" time="0"/>
  <testcase name="checkHeaderServerInfo" classname="com.myapiproject.testcases.GetAllBookingIdsTests" time="0"/>
  <testcase name="checkListOfBookindIDs" classname="com.myapiproject.testcases.GetAllBookingIdsTests" time="0.024"/>
  <testcase name="checkResponseBody" classname="com.myapiproject.testcases.GetAllBookingIdsTests" time="0"/>
  <testcase name="checkStatusCode" classname="com.myapiproject.testcases.GetAllBookingIdsTests" time="0.001"/>
  <testcase name="checkingResponseTime" classname="com.myapiproject.testcases.GetAllBookingIdsTests" time="0.001"/>
  <testcase name="checkHeaderServerInfo" classname="com.myapiproject.testcases.GetSingleBookingRecordJSON" time="0"/>
  <testcase name="checkResponseBody" classname="com.myapiproject.testcases.GetSingleBookingRecordJSON" time="0.074"/>
  <testcase name="checkStatusCode" classname="com.myapiproject.testcases.GetSingleBookingRecordJSON" time="0"/>
  <testcase name="checkingResponseTime" classname="com.myapiproject.testcases.GetSingleBookingRecordJSON" time="0"/>
  <testcase name="checkHeaderServerInfo" classname="com.myapiproject.testcases.GetSingleBookingRecordXML" time="0.001"/>
  <testcase name="checkResponseBody" classname="com.myapiproject.testcases.GetSingleBookingRecordXML" time="0.151"/>
  <testcase name="checkStatusCode" classname="com.myapiproject.testcases.GetSingleBookingRecordXML" time="0"/>
  <testcase name="checkingResponseTime" classname="com.myapiproject.testcases.GetSingleBookingRecordXML" time="0.001"/>
  <testcase name="checkResponseBody" classname="com.myapiproject.testcases.UpdateBookingRecordTest" time="0.085"/>
  <testcase name="checkingResponseTime" classname="com.myapiproject.testcases.UpdateBookingRecordTest" time="0.001"/>
</testsuite>