<?xml version="1.0" encoding="UTF-8"?>
<!-- Generated by org.testng.reporters.JUnitReportReporter -->
<testsuite hostname="LAPTOP-FAP6QC75" failures="0" tests="4" name="com.myapiproject.testcases.GetSingleBookingRecord" time="0.082" errors="0" timestamp="2020-11-06T14:56:12 PST" skipped="0">
  <testcase classname="com.myapiproject.testcases.GetSingleBookingRecord" name="checkingResponseTime" time="0.001"/>
  <system-out/>
  <testcase classname="com.myapiproject.testcases.GetSingleBookingRecord" name="checkStatusCode" time="0.001"/>
  <system-out/>
  <testcase classname="com.myapiproject.testcases.GetSingleBookingRecord" name="checkResponseBody" time="0.073"/>
  <system-out/>
  <testcase classname="com.myapiproject.testcases.GetSingleBookingRecord" name="checkHeaderServerInfo" time="0.007"/>
  <system-out/>
</testsuite> <!-- com.myapiproject.testcases.GetSingleBookingRecord -->
