<?xml version="1.0" encoding="UTF-8"?>
<!-- Generated by org.testng.reporters.JUnitReportReporter -->
<testsuite hostname="LAPTOP-FAP6QC75" failures="0" tests="1" name="com.myapiproject.testcases.CreateAndValidateBookingUsingPOJO" time="0.006" errors="0" timestamp="2020-11-09T15:18:42 PST" skipped="0">
  <testcase classname="com.myapiproject.testcases.CreateAndValidateBookingUsingPOJO" name="checkResponseBody" time="0.006"/>
  <system-out/>
</testsuite> <!-- com.myapiproject.testcases.CreateAndValidateBookingUsingPOJO -->
