<?xml version="1.0" encoding="UTF-8"?>
<!-- Generated by org.testng.reporters.JUnitReportReporter -->
<testsuite hostname="LAPTOP-FAP6QC75" failures="0" tests="3" name="com.myapiproject.testcases.DeleteParticularBookingTest" time="1.088" errors="0" timestamp="2020-11-07T15:27:43 PST" skipped="0">
  <testcase classname="com.myapiproject.testcases.DeleteParticularBookingTest" name="checkStatusCode" time="0.001"/>
  <system-out/>
  <testcase classname="com.myapiproject.testcases.DeleteParticularBookingTest" name="checkIdListForDeletedId" time="0.497"/>
  <system-out/>
  <testcase classname="com.myapiproject.testcases.DeleteParticularBookingTest" name="checkGetResposeForDeletedId" time="0.590"/>
  <system-out/>
</testsuite> <!-- com.myapiproject.testcases.DeleteParticularBookingTest -->
