<?xml version="1.0" encoding="UTF-8"?>
<!-- Generated by org.testng.reporters.JUnitReportReporter -->
<testsuite hostname="LAPTOP-FAP6QC75" failures="0" tests="3" name="com.myapiproject.testcases.GetAllBookingIdsTests" time="0.648" errors="0" timestamp="2020-11-06T11:56:46 PST" skipped="0">
  <testcase classname="com.myapiproject.testcases.GetAllBookingIdsTests" name="checkListOfBookindIDs" time="0.645"/>
  <system-out/>
  <testcase classname="com.myapiproject.testcases.GetAllBookingIdsTests" name="checkResponseBody" time="0.001"/>
  <system-out/>
  <testcase classname="com.myapiproject.testcases.GetAllBookingIdsTests" name="checkStatusCode" time="0.002"/>
  <system-out/>
</testsuite> <!-- com.myapiproject.testcases.GetAllBookingIdsTests -->
