<?xml version="1.0" encoding="UTF-8"?>
<!-- Generated by org.testng.reporters.JUnitReportReporter -->
<testsuite hostname="LAPTOP-FAP6QC75" failures="0" tests="4" name="com.myapiproject.testcases.GetSingleBookingRecord" time="0.100" errors="0" timestamp="2020-11-06T21:45:26 PST" skipped="0">
  <testcase classname="com.myapiproject.testcases.GetSingleBookingRecord" name="checkHeaderServerInfo" time="0.008"/>
  <system-out/>
  <testcase classname="com.myapiproject.testcases.GetSingleBookingRecord" name="checkStatusCode" time="0.002"/>
  <system-out/>
  <testcase classname="com.myapiproject.testcases.GetSingleBookingRecord" name="checkingResponseTime" time="0.002"/>
  <system-out/>
  <testcase classname="com.myapiproject.testcases.GetSingleBookingRecord" name="checkResponseBody" time="0.088"/>
  <system-out/>
</testsuite> <!-- com.myapiproject.testcases.GetSingleBookingRecord -->
