<?xml version="1.0" encoding="UTF-8"?>
<!-- Generated by org.testng.reporters.JUnitReportReporter -->
<testsuite hostname="LAPTOP-FAP6QC75" failures="0" tests="2" name="com.myapiproject.testcases.CreateBookingUsingPOJO" time="0.613" errors="0" timestamp="2020-11-09T13:20:22 PST" skipped="0">
  <testcase classname="com.myapiproject.testcases.CreateBookingUsingPOJO" name="checkResponseBody" time="0.612"/>
  <system-out/>
  <testcase classname="com.myapiproject.testcases.CreateBookingUsingPOJO" name="ckeckingStatusCode" time="0.001"/>
  <system-out/>
</testsuite> <!-- com.myapiproject.testcases.CreateBookingUsingPOJO -->
