<?xml version="1.0" encoding="UTF-8"?>
<!-- Generated by org.testng.reporters.JUnitReportReporter -->
<testsuite hostname="LAPTOP-FAP6QC75" failures="0" tests="4" name="com.myapiproject.testcases.GetSingleBookingRecordXML" time="0.134" errors="0" timestamp="2020-11-07T09:23:15 PST" skipped="0">
  <testcase classname="com.myapiproject.testcases.GetSingleBookingRecordXML" name="checkingResponseTime" time="0.002"/>
  <system-out/>
  <testcase classname="com.myapiproject.testcases.GetSingleBookingRecordXML" name="checkResponseBody" time="0.124"/>
  <system-out/>
  <testcase classname="com.myapiproject.testcases.GetSingleBookingRecordXML" name="checkHeaderServerInfo" time="0.006"/>
  <system-out/>
  <testcase classname="com.myapiproject.testcases.GetSingleBookingRecordXML" name="checkStatusCode" time="0.002"/>
  <system-out/>
</testsuite> <!-- com.myapiproject.testcases.GetSingleBookingRecordXML -->
