<?xml version="1.0" encoding="UTF-8"?>
<!-- Generated by org.testng.reporters.JUnitReportReporter -->
<testsuite hostname="LAPTOP-FAP6QC75" failures="0" tests="2" name="com.myapiproject.testcases.UpdateBookingRecordTest" time="0.093" errors="0" timestamp="2020-11-09T11:13:56 PST" skipped="0">
  <testcase classname="com.myapiproject.testcases.UpdateBookingRecordTest" name="checkResponseBody" time="0.092"/>
  <system-out/>
  <testcase classname="com.myapiproject.testcases.UpdateBookingRecordTest" name="checkingResponseTime" time="0.001"/>
  <system-out/>
</testsuite> <!-- com.myapiproject.testcases.UpdateBookingRecordTest -->
