<?xml version="1.0" encoding="UTF-8"?>
<!-- Generated by org.testng.reporters.JUnitReportReporter -->
<testsuite hostname="LAPTOP-FAP6QC75" failures="0" tests="4" name="com.myapiproject.testcases.GetSingleBookingRecordJSON" time="0.104" errors="0" timestamp="2020-11-09T11:13:56 PST" skipped="0">
  <testcase classname="com.myapiproject.testcases.GetSingleBookingRecordJSON" name="checkHeaderServerInfo" time="0.002"/>
  <system-out/>
  <testcase classname="com.myapiproject.testcases.GetSingleBookingRecordJSON" name="checkingResponseTime" time="0.000"/>
  <system-out/>
  <testcase classname="com.myapiproject.testcases.GetSingleBookingRecordJSON" name="checkStatusCode" time="0.000"/>
  <system-out/>
  <testcase classname="com.myapiproject.testcases.GetSingleBookingRecordJSON" name="checkResponseBody" time="0.102"/>
  <system-out/>
</testsuite> <!-- com.myapiproject.testcases.GetSingleBookingRecordJSON -->
