<?xml version="1.0" encoding="UTF-8"?>
<!-- Generated by org.testng.reporters.JUnitReportReporter -->
<testsuite hostname="LAPTOP-FAP6QC75" failures="0" tests="3" name="com.myapiproject.testcases.DeleteParticularBookingTest" time="1.067" errors="0" timestamp="2020-11-09T11:13:56 PST" skipped="0">
  <testcase classname="com.myapiproject.testcases.DeleteParticularBookingTest" name="checkGetResposeForDeletedId" time="0.542"/>
  <system-out/>
  <testcase classname="com.myapiproject.testcases.DeleteParticularBookingTest" name="checkIdListForDeletedId" time="0.525"/>
  <system-out/>
  <testcase classname="com.myapiproject.testcases.DeleteParticularBookingTest" name="checkStatusCode" time="0.000"/>
  <system-out/>
</testsuite> <!-- com.myapiproject.testcases.DeleteParticularBookingTest -->
