<?xml version="1.0" encoding="UTF-8"?>
<!-- Generated by org.testng.reporters.JUnitReportReporter -->
<testsuite hostname="LAPTOP-FAP6QC75" failures="0" tests="4" name="com.myapiproject.testcases.GetSingleBookingRecordXML" time="0.180" errors="0" timestamp="2020-11-09T11:13:56 PST" skipped="0">
  <testcase classname="com.myapiproject.testcases.GetSingleBookingRecordXML" name="checkResponseBody" time="0.178"/>
  <system-out/>
  <testcase classname="com.myapiproject.testcases.GetSingleBookingRecordXML" name="checkHeaderServerInfo" time="0.001"/>
  <system-out/>
  <testcase classname="com.myapiproject.testcases.GetSingleBookingRecordXML" name="checkStatusCode" time="0.001"/>
  <system-out/>
  <testcase classname="com.myapiproject.testcases.GetSingleBookingRecordXML" name="checkingResponseTime" time="0.000"/>
  <system-out/>
</testsuite> <!-- com.myapiproject.testcases.GetSingleBookingRecordXML -->
